<?xml version="1.0" encoding="UTF-8"?>
<testng-results ignored="0" total="2" passed="2" failed="0" skipped="0">
  <reporter-output>
  </reporter-output>
  <suite started-at="2024-09-11T17:35:08 IST" name="Default suite" finished-at="2024-09-11T17:35:20 IST" duration-ms="11772">
    <groups>
    </groups>
    <test started-at="2024-09-11T17:35:08 IST" name="Default test" finished-at="2024-09-11T17:35:20 IST" duration-ms="11772">
      <class name="org.very.Greens">
        <test-method is-config="true" signature="browselanuch()[pri:0, instance:org.very.Greens@6440112d]" started-at="2024-09-11T17:35:08 IST" name="browselanuch" finished-at="2024-09-11T17:35:16 IST" duration-ms="8308" status="PASS">
          <reporter-output>
          </reporter-output>
        </test-method> <!-- browselanuch -->
        <test-method signature="Searchprodut()[pri:-1, instance:org.very.Greens@6440112d]" started-at="2024-09-11T17:35:16 IST" name="Searchprodut" finished-at="2024-09-11T17:35:19 IST" duration-ms="2908" status="PASS">
          <reporter-output>
          </reporter-output>
        </test-method> <!-- Searchprodut -->
        <test-method signature="selectproduct()[pri:0, instance:org.very.Greens@6440112d]" started-at="2024-09-11T17:35:19 IST" name="selectproduct" finished-at="2024-09-11T17:35:19 IST" duration-ms="303" status="PASS">
          <reporter-output>
          </reporter-output>
        </test-method> <!-- selectproduct -->
        <test-method is-config="true" signature="clean()[pri:0, instance:org.very.Greens@6440112d]" started-at="2024-09-11T17:35:19 IST" name="clean" finished-at="2024-09-11T17:35:20 IST" duration-ms="169" status="PASS">
          <reporter-output>
          </reporter-output>
        </test-method> <!-- clean -->
      </class> <!-- org.very.Greens -->
    </test> <!-- Default test -->
  </suite> <!-- Default suite -->
</testng-results>
